Opção -h usada com sucesso.
Diretoria /mnt/c/Users/alexa/OneDrive/Imagens/Imagens encontrada com sucesso usando -r.
Diretoria /mnt/c/Users/alexa/OneDrive/Imagens/Imagens encontrada com sucesso usando -r.
Diretoria /mnt/c/Users/alexa/OneDrive/Imagens/Imagens encontrada com sucesso usando -r.
Opção -h usada com sucesso.
Diretoria /mnt/c/Users/alexa/OneDrive/Imagens/Imagens encontrada com sucesso usando -r.
Diretoria /mnt/c/Users/alexa/OneDrive/Imagens/Imagens encontrada com sucesso usando -r. 
Ficheiro /mnt/c/Users/alexa/OneDrive/Imagens/Imagens/Diogay.jpg enviados para ./lixo 
Tamanho do ficheiro: 
48K
Opção -u realizada com sucesso. 
Diretoria /mnt/c/Users/alexa/OneDrive/Imagens/Imagens encontrada com sucesso usando -r. 
Ficheiro /mnt/c/Users/alexa/OneDrive/Imagens/Imagens/Diogay.jpg enviados para ./lixo 
Opção -h usada com sucesso
Tamanho do ficheiro: 
48K
Opção -u realizada com sucesso. 
Diretoria /mnt/c/Users/alexa/OneDrive/Imagens/Imagens encontrada com sucesso usando -r. 
Ficheiro /mnt/c/Users/alexa/OneDrive/Imagens/Imagens/Diogay.jpg enviados para ./lixo 
Ficheiro /mnt/c/Users/alexa/OneDrive/Imagens/Imagens/LiveACABOU.jpg enviados para ./lixo 
